<?xml version="1.0" encoding="UTF-8"?>
<testng-results ignored="0" total="2" passed="2" failed="0" skipped="0">
  <reporter-output>
  </reporter-output>
  <suite started-at="2024-02-02T11:39:11 BDT" name="Default suite" finished-at="2024-02-02T11:39:18 BDT" duration-ms="7284">
    <groups>
    </groups>
    <test started-at="2024-02-02T11:39:11 BDT" name="Default test" finished-at="2024-02-02T11:39:18 BDT" duration-ms="7284">
      <class name="packagebacth12.Twelveclass1">
        <test-method is-config="true" signature="Init()[pri:0, instance:packagebacth12.Twelveclass1@4567f35d]" started-at="2024-02-02T11:39:11 BDT" name="Init" finished-at="2024-02-02T11:39:17 BDT" duration-ms="5745" status="PASS">
          <reporter-output>
          </reporter-output>
        </test-method> <!-- Init -->
        <test-method signature="login()[pri:0, instance:packagebacth12.Twelveclass1@4567f35d]" started-at="2024-02-02T11:39:17 BDT" name="login" finished-at="2024-02-02T11:39:17 BDT" duration-ms="440" status="PASS">
          <reporter-output>
          </reporter-output>
        </test-method> <!-- login -->
        <test-method signature="page1()[pri:0, instance:packagebacth12.Twelveclass1@4567f35d]" started-at="2024-02-02T11:39:17 BDT" name="page1" finished-at="2024-02-02T11:39:18 BDT" duration-ms="1064" status="PASS">
          <reporter-output>
          </reporter-output>
        </test-method> <!-- page1 -->
      </class> <!-- packagebacth12.Twelveclass1 -->
    </test> <!-- Default test -->
  </suite> <!-- Default suite -->
</testng-results>
